This is pdfTeX, Version 3.1415926-2.3-1.40.12 (TeX Live 2011/Fink) (format=pdflatex 2014.12.12)  16 MAR 2016 10:36
entering extended mode
 restricted \write18 enabled.
 %&-line parsing enabled.
**orbiter.tex
(./orbiter.tex
LaTeX2e <2009/09/24>
Babel <v3.8l> and hyphenation patterns for english, dumylang, nohyphenation, ge
rman-x-2009-06-19, ngerman-x-2009-06-19, afrikaans, ancientgreek, ibycus, arabi
c, armenian, basque, bulgarian, catalan, pinyin, coptic, croatian, czech, danis
h, dutch, ukenglish, usenglishmax, esperanto, estonian, ethiopic, farsi, finnis
h, french, galician, german, ngerman, swissgerman, monogreek, greek, hungarian,
 icelandic, assamese, bengali, gujarati, hindi, kannada, malayalam, marathi, or
iya, panjabi, tamil, telugu, indonesian, interlingua, irish, italian, kurmanji,
 lao, latin, latvian, lithuanian, mongolian, mongolianlmc, bokmal, nynorsk, pol
ish, portuguese, romanian, russian, sanskrit, serbian, serbianc, slovak, sloven
ian, spanish, swedish, turkish, turkmen, ukrainian, uppersorbian, welsh, loaded
.
(/sw/share/texmf-dist/tex/latex/base/article.cls
Document Class: article 2007/10/19 v1.4h Standard LaTeX document class
(/sw/share/texmf-dist/tex/latex/base/size10.clo
File: size10.clo 2007/10/19 v1.4h Standard LaTeX file (size option)
)
\c@part=\count79
\c@section=\count80
\c@subsection=\count81
\c@subsubsection=\count82
\c@paragraph=\count83
\c@subparagraph=\count84
\c@figure=\count85
\c@table=\count86
\abovecaptionskip=\skip41
\belowcaptionskip=\skip42
\bibindent=\dimen102
)
(/sw/share/texmf-dist/tex/latex/amsmath/amsmath.sty
Package: amsmath 2000/07/18 v2.13 AMS math features
\@mathmargin=\skip43

For additional information on amsmath, use the `?' option.
(/sw/share/texmf-dist/tex/latex/amsmath/amstext.sty
Package: amstext 2000/06/29 v2.01

(/sw/share/texmf-dist/tex/latex/amsmath/amsgen.sty
File: amsgen.sty 1999/11/30 v2.0
\@emptytoks=\toks14
\ex@=\dimen103
))
(/sw/share/texmf-dist/tex/latex/amsmath/amsbsy.sty
Package: amsbsy 1999/11/29 v1.2d
\pmbraise@=\dimen104
)
(/sw/share/texmf-dist/tex/latex/amsmath/amsopn.sty
Package: amsopn 1999/12/14 v2.01 operator names
)
\inf@bad=\count87
LaTeX Info: Redefining \frac on input line 211.
\uproot@=\count88
\leftroot@=\count89
LaTeX Info: Redefining \overline on input line 307.
\classnum@=\count90
\DOTSCASE@=\count91
LaTeX Info: Redefining \ldots on input line 379.
LaTeX Info: Redefining \dots on input line 382.
LaTeX Info: Redefining \cdots on input line 467.
\Mathstrutbox@=\box26
\strutbox@=\box27
\big@size=\dimen105
LaTeX Font Info:    Redeclaring font encoding OML on input line 567.
LaTeX Font Info:    Redeclaring font encoding OMS on input line 568.
\macc@depth=\count92
\c@MaxMatrixCols=\count93
\dotsspace@=\muskip10
\c@parentequation=\count94
\dspbrk@lvl=\count95
\tag@help=\toks15
\row@=\count96
\column@=\count97
\maxfields@=\count98
\andhelp@=\toks16
\eqnshift@=\dimen106
\alignsep@=\dimen107
\tagshift@=\dimen108
\tagwidth@=\dimen109
\totwidth@=\dimen110
\lineht@=\dimen111
\@envbody=\toks17
\multlinegap=\skip44
\multlinetaggap=\skip45
\mathdisplay@stack=\toks18
LaTeX Info: Redefining \[ on input line 2666.
LaTeX Info: Redefining \] on input line 2667.
)
(/sw/share/texmf-dist/tex/latex/amsfonts/amssymb.sty
Package: amssymb 2009/06/22 v3.00

(/sw/share/texmf-dist/tex/latex/amsfonts/amsfonts.sty
Package: amsfonts 2009/06/22 v3.00 Basic AMSFonts support
\symAMSa=\mathgroup4
\symAMSb=\mathgroup5
LaTeX Font Info:    Overwriting math alphabet `\mathfrak' in version `bold'
(Font)                  U/euf/m/n --> U/euf/b/n on input line 96.
))
(/sw/share/texmf-dist/tex/latex/base/latexsym.sty
Package: latexsym 1998/08/17 v2.2e Standard LaTeX package (lasy symbols)
\symlasy=\mathgroup6
LaTeX Font Info:    Overwriting symbol font `lasy' in version `bold'
(Font)                  U/lasy/m/n --> U/lasy/b/n on input line 47.
)
(/sw/share/texmf-dist/tex/generic/epsf/epsf.sty
This is `epsf.tex' v2.7.4 <14 February 2011>
\epsffilein=\read1
\epsfframemargin=\dimen112
\epsfframethickness=\dimen113
\epsfrsize=\dimen114
\epsftmp=\dimen115
\epsftsize=\dimen116
\epsfxsize=\dimen117
\epsfysize=\dimen118
\pspoints=\dimen119
) (/sw/share/texmf-dist/tex/latex/rotating/rotating.sty
Package: rotating 2009/03/28 v2.16a rotated objects in LaTeX

(/sw/share/texmf-dist/tex/latex/graphics/graphicx.sty
Package: graphicx 1999/02/16 v1.0f Enhanced LaTeX Graphics (DPC,SPQR)

(/sw/share/texmf-dist/tex/latex/graphics/keyval.sty
Package: keyval 1999/03/16 v1.13 key=value parser (DPC)
\KV@toks@=\toks19
)
(/sw/share/texmf-dist/tex/latex/graphics/graphics.sty
Package: graphics 2009/02/05 v1.0o Standard LaTeX Graphics (DPC,SPQR)

(/sw/share/texmf-dist/tex/latex/graphics/trig.sty
Package: trig 1999/03/16 v1.09 sin cos tan (DPC)
)
(/sw/share/texmf-dist/tex/latex/latexconfig/graphics.cfg
File: graphics.cfg 2010/04/23 v1.9 graphics configuration of TeX Live
)
Package graphics Info: Driver file: pdftex.def on input line 91.

(/sw/share/texmf-dist/tex/latex/pdftex-def/pdftex.def
File: pdftex.def 2011/05/27 v0.06d Graphics/color for pdfTeX

(/sw/share/texmf-dist/tex/generic/oberdiek/infwarerr.sty
Package: infwarerr 2010/04/08 v1.3 Providing info/warning/message (HO)
)
(/sw/share/texmf-dist/tex/generic/oberdiek/ltxcmds.sty
Package: ltxcmds 2011/04/18 v1.20 LaTeX kernel commands for general use (HO)
)
\Gread@gobject=\count99
))
\Gin@req@height=\dimen120
\Gin@req@width=\dimen121
)
(/sw/share/texmf-dist/tex/latex/base/ifthen.sty
Package: ifthen 2001/05/26 v1.1c Standard LaTeX ifthen package (DPC)
)
\c@r@tfl@t=\count100
\rotFPtop=\skip46
\rotFPbot=\skip47
\rot@float@box=\box28
\rot@mess@toks=\toks20
)
(/sw/share/texmf-dist/tex/latex/pgf/frontendlayer/tikz.sty
(/sw/share/texmf-dist/tex/latex/pgf/basiclayer/pgf.sty
(/sw/share/texmf-dist/tex/latex/pgf/utilities/pgfrcs.sty
(/sw/share/texmf-dist/tex/generic/pgf/utilities/pgfutil-common.tex
\pgfutil@everybye=\toks21
)
(/sw/share/texmf-dist/tex/generic/pgf/utilities/pgfutil-latex.def
\pgfutil@abb=\box29

(/sw/share/texmf-dist/tex/latex/ms/everyshi.sty
Package: everyshi 2001/05/15 v3.00 EveryShipout Package (MS)
))
(/sw/share/texmf-dist/tex/generic/pgf/utilities/pgfrcs.code.tex
Package: pgfrcs 2010/10/25 v2.10 (rcs-revision 1.24)
))
Package: pgf 2008/01/15 v2.10 (rcs-revision 1.12)

(/sw/share/texmf-dist/tex/latex/pgf/basiclayer/pgfcore.sty
(/sw/share/texmf-dist/tex/latex/pgf/systemlayer/pgfsys.sty
(/sw/share/texmf-dist/tex/generic/pgf/systemlayer/pgfsys.code.tex
Package: pgfsys 2010/06/30 v2.10 (rcs-revision 1.37)

(/sw/share/texmf-dist/tex/generic/pgf/utilities/pgfkeys.code.tex
\pgfkeys@pathtoks=\toks22
\pgfkeys@temptoks=\toks23

(/sw/share/texmf-dist/tex/generic/pgf/utilities/pgfkeysfiltered.code.tex
\pgfkeys@tmptoks=\toks24
))
\pgf@x=\dimen122
\pgf@y=\dimen123
\pgf@xa=\dimen124
\pgf@ya=\dimen125
\pgf@xb=\dimen126
\pgf@yb=\dimen127
\pgf@xc=\dimen128
\pgf@yc=\dimen129
\w@pgf@writea=\write3
\r@pgf@reada=\read2
\c@pgf@counta=\count101
\c@pgf@countb=\count102
\c@pgf@countc=\count103
\c@pgf@countd=\count104

(/sw/share/texmf-dist/tex/generic/pgf/systemlayer/pgf.cfg
File: pgf.cfg 2008/05/14  (rcs-revision 1.7)
)
Package pgfsys Info: Driver file for pgf: pgfsys-pdftex.def on input line 900.

(/sw/share/texmf-dist/tex/generic/pgf/systemlayer/pgfsys-pdftex.def
File: pgfsys-pdftex.def 2009/05/22  (rcs-revision 1.26)

(/sw/share/texmf-dist/tex/generic/pgf/systemlayer/pgfsys-common-pdf.def
File: pgfsys-common-pdf.def 2008/05/19  (rcs-revision 1.10)
)))
(/sw/share/texmf-dist/tex/generic/pgf/systemlayer/pgfsyssoftpath.code.tex
File: pgfsyssoftpath.code.tex 2008/07/18  (rcs-revision 1.7)
\pgfsyssoftpath@smallbuffer@items=\count105
\pgfsyssoftpath@bigbuffer@items=\count106
)
(/sw/share/texmf-dist/tex/generic/pgf/systemlayer/pgfsysprotocol.code.tex
File: pgfsysprotocol.code.tex 2006/10/16  (rcs-revision 1.4)
))
(/sw/share/texmf-dist/tex/latex/xcolor/xcolor.sty
Package: xcolor 2007/01/21 v2.11 LaTeX color extensions (UK)

(/sw/share/texmf-dist/tex/latex/latexconfig/color.cfg
File: color.cfg 2007/01/18 v1.5 color configuration of teTeX/TeXLive
)
Package xcolor Info: Driver file: pdftex.def on input line 225.
Package xcolor Info: Model `cmy' substituted by `cmy0' on input line 1337.
Package xcolor Info: Model `hsb' substituted by `rgb' on input line 1341.
Package xcolor Info: Model `RGB' extended on input line 1353.
Package xcolor Info: Model `HTML' substituted by `rgb' on input line 1355.
Package xcolor Info: Model `Hsb' substituted by `hsb' on input line 1356.
Package xcolor Info: Model `tHsb' substituted by `hsb' on input line 1357.
Package xcolor Info: Model `HSB' substituted by `hsb' on input line 1358.
Package xcolor Info: Model `Gray' substituted by `gray' on input line 1359.
Package xcolor Info: Model `wave' substituted by `hsb' on input line 1360.
)
(/sw/share/texmf-dist/tex/generic/pgf/basiclayer/pgfcore.code.tex
Package: pgfcore 2010/04/11 v2.10 (rcs-revision 1.7)

(/sw/share/texmf-dist/tex/generic/pgf/math/pgfmath.code.tex
(/sw/share/texmf-dist/tex/generic/pgf/math/pgfmathcalc.code.tex
(/sw/share/texmf-dist/tex/generic/pgf/math/pgfmathutil.code.tex)
(/sw/share/texmf-dist/tex/generic/pgf/math/pgfmathparser.code.tex
\pgfmath@dimen=\dimen130
\pgfmath@count=\count107
\pgfmath@box=\box30
\pgfmath@toks=\toks25
\pgfmath@stack@operand=\toks26
\pgfmath@stack@operation=\toks27
)
(/sw/share/texmf-dist/tex/generic/pgf/math/pgfmathfunctions.code.tex
(/sw/share/texmf-dist/tex/generic/pgf/math/pgfmathfunctions.basic.code.tex)
(/sw/share/texmf-dist/tex/generic/pgf/math/pgfmathfunctions.trigonometric.code.
tex)
(/sw/share/texmf-dist/tex/generic/pgf/math/pgfmathfunctions.random.code.tex)
(/sw/share/texmf-dist/tex/generic/pgf/math/pgfmathfunctions.comparison.code.tex
) (/sw/share/texmf-dist/tex/generic/pgf/math/pgfmathfunctions.base.code.tex)
(/sw/share/texmf-dist/tex/generic/pgf/math/pgfmathfunctions.round.code.tex)
(/sw/share/texmf-dist/tex/generic/pgf/math/pgfmathfunctions.misc.code.tex)))
(/sw/share/texmf-dist/tex/generic/pgf/math/pgfmathfloat.code.tex
\c@pgfmathroundto@lastzeros=\count108
))
(/sw/share/texmf-dist/tex/generic/pgf/basiclayer/pgfcorepoints.code.tex
File: pgfcorepoints.code.tex 2010/04/09  (rcs-revision 1.20)
\pgf@picminx=\dimen131
\pgf@picmaxx=\dimen132
\pgf@picminy=\dimen133
\pgf@picmaxy=\dimen134
\pgf@pathminx=\dimen135
\pgf@pathmaxx=\dimen136
\pgf@pathminy=\dimen137
\pgf@pathmaxy=\dimen138
\pgf@xx=\dimen139
\pgf@xy=\dimen140
\pgf@yx=\dimen141
\pgf@yy=\dimen142
\pgf@zx=\dimen143
\pgf@zy=\dimen144
)
(/sw/share/texmf-dist/tex/generic/pgf/basiclayer/pgfcorepathconstruct.code.tex
File: pgfcorepathconstruct.code.tex 2010/08/03  (rcs-revision 1.24)
\pgf@path@lastx=\dimen145
\pgf@path@lasty=\dimen146
) (/sw/share/texmf-dist/tex/generic/pgf/basiclayer/pgfcorepathusage.code.tex
File: pgfcorepathusage.code.tex 2008/04/22  (rcs-revision 1.12)
\pgf@shorten@end@additional=\dimen147
\pgf@shorten@start@additional=\dimen148
)
(/sw/share/texmf-dist/tex/generic/pgf/basiclayer/pgfcorescopes.code.tex
File: pgfcorescopes.code.tex 2010/09/08  (rcs-revision 1.34)
\pgfpic=\box31
\pgf@hbox=\box32
\pgf@layerbox@main=\box33
\pgf@picture@serial@count=\count109
)
(/sw/share/texmf-dist/tex/generic/pgf/basiclayer/pgfcoregraphicstate.code.tex
File: pgfcoregraphicstate.code.tex 2008/04/22  (rcs-revision 1.9)
\pgflinewidth=\dimen149
)
(/sw/share/texmf-dist/tex/generic/pgf/basiclayer/pgfcoretransformations.code.te
x
File: pgfcoretransformations.code.tex 2009/06/10  (rcs-revision 1.11)
\pgf@pt@x=\dimen150
\pgf@pt@y=\dimen151
\pgf@pt@temp=\dimen152
) (/sw/share/texmf-dist/tex/generic/pgf/basiclayer/pgfcorequick.code.tex
File: pgfcorequick.code.tex 2008/10/09  (rcs-revision 1.3)
)
(/sw/share/texmf-dist/tex/generic/pgf/basiclayer/pgfcoreobjects.code.tex
File: pgfcoreobjects.code.tex 2006/10/11  (rcs-revision 1.2)
)
(/sw/share/texmf-dist/tex/generic/pgf/basiclayer/pgfcorepathprocessing.code.tex
File: pgfcorepathprocessing.code.tex 2008/10/09  (rcs-revision 1.8)
) (/sw/share/texmf-dist/tex/generic/pgf/basiclayer/pgfcorearrows.code.tex
File: pgfcorearrows.code.tex 2008/04/23  (rcs-revision 1.11)
)
(/sw/share/texmf-dist/tex/generic/pgf/basiclayer/pgfcoreshade.code.tex
File: pgfcoreshade.code.tex 2008/11/23  (rcs-revision 1.13)
\pgf@max=\dimen153
\pgf@sys@shading@range@num=\count110
)
(/sw/share/texmf-dist/tex/generic/pgf/basiclayer/pgfcoreimage.code.tex
File: pgfcoreimage.code.tex 2010/03/25  (rcs-revision 1.16)

(/sw/share/texmf-dist/tex/generic/pgf/basiclayer/pgfcoreexternal.code.tex
File: pgfcoreexternal.code.tex 2010/09/01  (rcs-revision 1.17)
\pgfexternal@startupbox=\box34
))
(/sw/share/texmf-dist/tex/generic/pgf/basiclayer/pgfcorelayers.code.tex
File: pgfcorelayers.code.tex 2010/08/27  (rcs-revision 1.2)
)
(/sw/share/texmf-dist/tex/generic/pgf/basiclayer/pgfcoretransparency.code.tex
File: pgfcoretransparency.code.tex 2008/01/17  (rcs-revision 1.2)
)
(/sw/share/texmf-dist/tex/generic/pgf/basiclayer/pgfcorepatterns.code.tex
File: pgfcorepatterns.code.tex 2009/07/02  (rcs-revision 1.3)
)))
(/sw/share/texmf-dist/tex/generic/pgf/modules/pgfmoduleshapes.code.tex
File: pgfmoduleshapes.code.tex 2010/09/09  (rcs-revision 1.13)
\pgfnodeparttextbox=\box35
)
(/sw/share/texmf-dist/tex/generic/pgf/modules/pgfmoduleplot.code.tex
File: pgfmoduleplot.code.tex 2010/10/22  (rcs-revision 1.8)
)
(/sw/share/texmf-dist/tex/latex/pgf/compatibility/pgfcomp-version-0-65.sty
Package: pgfcomp-version-0-65 2007/07/03 v2.10 (rcs-revision 1.7)
\pgf@nodesepstart=\dimen154
\pgf@nodesepend=\dimen155
)
(/sw/share/texmf-dist/tex/latex/pgf/compatibility/pgfcomp-version-1-18.sty
Package: pgfcomp-version-1-18 2007/07/23 v2.10 (rcs-revision 1.1)
))
(/sw/share/texmf-dist/tex/latex/pgf/utilities/pgffor.sty
(/sw/share/texmf-dist/tex/latex/pgf/utilities/pgfkeys.sty
(/sw/share/texmf-dist/tex/generic/pgf/utilities/pgfkeys.code.tex))
(/sw/share/texmf-dist/tex/generic/pgf/utilities/pgffor.code.tex
Package: pgffor 2010/03/23 v2.10 (rcs-revision 1.18)
\pgffor@iter=\dimen156
\pgffor@skip=\dimen157
\pgffor@stack=\toks28
\pgffor@toks=\toks29
))
(/sw/share/texmf-dist/tex/generic/pgf/frontendlayer/tikz/tikz.code.tex
Package: tikz 2010/10/13 v2.10 (rcs-revision 1.76)

(/sw/share/texmf-dist/tex/generic/pgf/libraries/pgflibraryplothandlers.code.tex
File: pgflibraryplothandlers.code.tex 2010/05/31 v2.10 (rcs-revision 1.15)
\pgf@plot@mark@count=\count111
\pgfplotmarksize=\dimen158
)
\tikz@lastx=\dimen159
\tikz@lasty=\dimen160
\tikz@lastxsaved=\dimen161
\tikz@lastysaved=\dimen162
\tikzleveldistance=\dimen163
\tikzsiblingdistance=\dimen164
\tikz@figbox=\box36
\tikz@tempbox=\box37
\tikztreelevel=\count112
\tikznumberofchildren=\count113
\tikznumberofcurrentchild=\count114
\tikz@fig@count=\count115
 (/sw/share/texmf-dist/tex/generic/pgf/modules/pgfmodulematrix.code.tex
File: pgfmodulematrix.code.tex 2010/08/24  (rcs-revision 1.4)
\pgfmatrixcurrentrow=\count116
\pgfmatrixcurrentcolumn=\count117
\pgf@matrix@numberofcolumns=\count118
)
\tikz@expandcount=\count119

(/sw/share/texmf-dist/tex/generic/pgf/frontendlayer/tikz/libraries/tikzlibraryt
opaths.code.tex
File: tikzlibrarytopaths.code.tex 2008/06/17 v2.10 (rcs-revision 1.2)
))) (./fullpage.sty
Package: fullpage 1999/02/23 1.1 (PWD)
\FP@margin=\skip48
) (./frontmatter.tex
\c@theorem=\count120
) (./orbiter.aux)
\openout1 = `orbiter.aux'.

LaTeX Font Info:    Checking defaults for OML/cmm/m/it on input line 22.
LaTeX Font Info:    ... okay on input line 22.
LaTeX Font Info:    Checking defaults for T1/cmr/m/n on input line 22.
LaTeX Font Info:    ... okay on input line 22.
LaTeX Font Info:    Checking defaults for OT1/cmr/m/n on input line 22.
LaTeX Font Info:    ... okay on input line 22.
LaTeX Font Info:    Checking defaults for OMS/cmsy/m/n on input line 22.
LaTeX Font Info:    ... okay on input line 22.
LaTeX Font Info:    Checking defaults for OMX/cmex/m/n on input line 22.
LaTeX Font Info:    ... okay on input line 22.
LaTeX Font Info:    Checking defaults for U/cmr/m/n on input line 22.
LaTeX Font Info:    ... okay on input line 22.

(/sw/share/texmf-dist/tex/context/base/supp-pdf.mkii
[Loading MPS to PDF converter (version 2006.09.02).]
\scratchcounter=\count121
\scratchdimen=\dimen165
\scratchbox=\box38
\nofMPsegments=\count122
\nofMParguments=\count123
\everyMPshowfont=\toks30
\MPscratchCnt=\count124
\MPscratchDim=\dimen166
\MPnumerator=\count125
\makeMPintoPDFobject=\count126
\everyMPtoPDFconversion=\toks31
) (/sw/share/texmf-dist/tex/generic/oberdiek/pdftexcmds.sty
Package: pdftexcmds 2011/04/22 v0.16 Utilities of pdfTeX for LuaTeX (HO)

(/sw/share/texmf-dist/tex/generic/oberdiek/ifluatex.sty
Package: ifluatex 2010/03/01 v1.3 Provides the ifluatex switch (HO)
Package ifluatex Info: LuaTeX not detected.
)
(/sw/share/texmf-dist/tex/generic/oberdiek/ifpdf.sty
Package: ifpdf 2011/01/30 v2.3 Provides the ifpdf switch (HO)
Package ifpdf Info: pdfTeX in PDF mode is detected.
)
Package pdftexcmds Info: LuaTeX not detected.
Package pdftexcmds Info: \pdf@primitive is available.
Package pdftexcmds Info: \pdf@ifprimitive is available.
Package pdftexcmds Info: \pdfdraftmode found.
)
(/sw/share/texmf-dist/tex/latex/oberdiek/epstopdf-base.sty
Package: epstopdf-base 2010/02/09 v2.5 Base part for package epstopdf

(/sw/share/texmf-dist/tex/latex/oberdiek/grfext.sty
Package: grfext 2010/08/19 v1.1 Managing graphics extensions (HO)

(/sw/share/texmf-dist/tex/generic/oberdiek/kvdefinekeys.sty
Package: kvdefinekeys 2011/04/07 v1.3 Defining keys (HO)
))
(/sw/share/texmf-dist/tex/latex/oberdiek/kvoptions.sty
Package: kvoptions 2010/12/23 v3.10 Keyval support for LaTeX options (HO)

(/sw/share/texmf-dist/tex/generic/oberdiek/kvsetkeys.sty
Package: kvsetkeys 2011/04/07 v1.13 Key value parser (HO)

(/sw/share/texmf-dist/tex/generic/oberdiek/etexcmds.sty
Package: etexcmds 2011/02/16 v1.5 Prefix for e-TeX command names (HO)
Package etexcmds Info: Could not find \expanded.
(etexcmds)             That can mean that you are not using pdfTeX 1.50 or
(etexcmds)             that some package has redefined \expanded.
(etexcmds)             In the latter case, load this package earlier.
)))
Package grfext Info: Graphics extension search list:
(grfext)             [.png,.pdf,.jpg,.mps,.jpeg,.jbig2,.jb2,.PNG,.PDF,.JPG,.JPE
G,.JBIG2,.JB2,.eps]
(grfext)             \AppendGraphicsExtensions on input line 452.

(/sw/share/texmf-dist/tex/latex/latexconfig/epstopdf-sys.cfg
File: epstopdf-sys.cfg 2010/07/13 v1.3 Configuration of (r)epstopdf for TeX Liv
e
))
ABD: EveryShipout initializing macros
LaTeX Font Info:    Try loading font information for U+msa on input line 28.

(/sw/share/texmf-dist/tex/latex/amsfonts/umsa.fd
File: umsa.fd 2009/06/22 v3.00 AMS symbols A
)
LaTeX Font Info:    Try loading font information for U+msb on input line 28.

(/sw/share/texmf-dist/tex/latex/amsfonts/umsb.fd
File: umsb.fd 2009/06/22 v3.00 AMS symbols B
)
LaTeX Font Info:    Try loading font information for U+lasy on input line 28.

(/sw/share/texmf-dist/tex/latex/base/ulasy.fd
File: ulasy.fd 1998/08/17 v2.2e LaTeX symbol font definitions
) (./introduction.tex)
(./modeling.tex [1

{/sw/var/lib/texmf/fonts/map/pdftex/updmap/pdftex.map}]
LaTeX Font Info:    Try loading font information for U+euf on input line 25.

(/sw/share/texmf-dist/tex/latex/amsfonts/ueuf.fd
File: ueuf.fd 2009/06/22 v3.00 Euler Fraktur
) [2]) (./algorithm.tex
[3]) (./examples.tex

Package amsmath Warning: Foreign command \atopwithdelims;
(amsmath)                \frac or \genfrac should be used instead
(amsmath)                 on input line 19.

(./GRAPHICS/graph_4_poset_full_lvl_6.tex) (./GRAPHICS/graph_4_poset_lvl_6.tex)
[4] (./GRAPHICS/graph_6_r3_poset_lvl_9.tex)
(./GRAPHICS/graph_6_r2_poset_lvl_6.tex) [5] [6]
(./GRAPHICS/Monomial_8_2_poset_lvl_4.tex) [7] (./GRAPHICS/Hamming.tex)
(./GRAPHICS/graph_6_r2_tree_lvl_6.tex) [8]) (./installation.tex
(./CODE/list_of_directories.tex)
Underfull \hbox (badness 10000) in paragraph at lines 19--23

 []

[9]
Underfull \hbox (badness 10000) in paragraph at lines 29--34

 []


Underfull \hbox (badness 10000) in paragraph at lines 42--48

 []


Underfull \hbox (badness 10000) in paragraph at lines 51--57

 []

[10]) (./contributions.tex) (./getting_started.tex (./johnson.tex
(./CODE/johnson.tex [11] [12]) (./GRAPHICS/Johnson_5_2_0_on_circle.tex)
(./CODE/all_k_subsets.tex [13] [14]) (./CODE/all_k_subsets_5_2_tree.tex)
(./GRAPHICS/all_k_subsets_5_2.tex) (./GRAPHICS/Johnson_7_3_1_on_circle.tex)
[15] (./GRAPHICS/all_k_subsets_7_3.tex)) (./finite_fields.tex
(./CODE/finite_field.tex [16])
Overfull \hbox (50.51044pt too wide) in paragraph at lines 12--18
[]\OT1/cmr/m/n/10 The line []\OT1/cmtt/m/n/10 finite_field *F; \OT1/cmr/m/n/10 
de-fines a pointer to an ob-ject []\OT1/cmtt/m/n/10 F \OT1/cmr/m/n/10 of type [
]\OT1/cmtt/m/n/10 finite_field\OT1/cmr/m/n/10 . The line []\OT1/cmtt/m/n/10 F =
 new finite_field;
 []

(./CODE/finite_field_out.tex [17]) (./CODE/finite_field_out1.tex)) (./paley.tex
(./CODE/paley.tex [18] [19]) (./GRAPHICS/Paley_graph_13_on_circle.tex))
(./winnie_li.tex (./CODE/winnie_li.tex [20] [21] [22]) (./GRAPHICS/WL_16_2.tex)
(./GRAPHICS/WL_25_2.tex)) (./puzzle.tex [23]
<GRAPHICS/checkerboard_puzzle.png, id=95, 1042.89626pt x 830.10126pt>
File: GRAPHICS/checkerboard_puzzle.png Graphic file (type png)

<use GRAPHICS/checkerboard_puzzle.png>
Package pdftex.def Info: GRAPHICS/checkerboard_puzzle.png used on input line 11
.
(pdftex.def)             Requested size: 256.0748pt x 203.82625pt.
 (./CODE/puzzle.tex [24 <./GRAPHICS/checkerboard_puzzle.png>] [25] [26] [27] [2
8]) (./CODE/puzzle_out_edited.tex)
(./CODE/puzzle25_compressed.tex [29]) (./CODE/sol25.tex)
<GRAPHICS/checkerboard_solution.png, id=118, 490.83376pt x 484.81125pt>
File: GRAPHICS/checkerboard_solution.png Graphic file (type png)

<use GRAPHICS/checkerboard_solution.png>
Package pdftex.def Info: GRAPHICS/checkerboard_solution.png used on input line 
91.
(pdftex.def)             Requested size: 128.0374pt x 126.4622pt.
 (./GRAPHICS/puzzle25_search.tex)
[30 <./GRAPHICS/checkerboard_solution.png>]) (./projective_space.tex
(./CODE/projective_space.tex [31]) (./CODE/projective_space_out.tex) [32]
(./CODE/projective_space2.tex) (./CODE/projective_space2_out.tex [33])

Package amsmath Warning: Foreign command \atop;
(amsmath)                \frac or \genfrac should be used instead
(amsmath)                 on input line 70.

) (./grassmann.tex (./CODE/grassmann.tex [34] [35])
(./GRAPHICS/grassmann_graph_4_2_2_3_on_circle.tex) [36]) (./schlaefli.tex
(./CODE/schlaefli.tex [37] [38]) (./GRAPHICS/schlaefli_4_on_circle.tex)
[39]) (./sarnak.tex (./CODE/sarnak.tex [40] [41] [42] [43] [44] [45] [46])
(./GRAPHICS/X_29_5.tex)) (./determine_conic.tex (./CODE/determine_conic.tex
[47] [48] [49] [50] [51]) (./CODE/determine_conic_out.tex [52])))
(./classification_problems.tex (./graphs.tex
Underfull \hbox (badness 10000) in paragraph at lines 7--8

 []


Underfull \hbox (badness 10000) in paragraph at lines 11--12

 []


Underfull \hbox (badness 10000) in paragraph at lines 17--18

 []


Underfull \hbox (badness 10000) in paragraph at lines 22--23

 []


Underfull \hbox (badness 10000) in paragraph at lines 26--35

 []


Underfull \hbox (badness 10000) in paragraph at lines 51--57

 []

[53]
Underfull \hbox (badness 10000) in paragraph at lines 83--86

 []


Underfull \hbox (badness 10000) in paragraph at lines 93--98

 []


Underfull \hbox (badness 10000) in paragraph at lines 105--107

 []


Underfull \hbox (badness 10000) in paragraph at lines 114--117

 []

[54]
Underfull \hbox (badness 10000) in paragraph at lines 158--160

 []


Underfull \hbox (badness 10000) in paragraph at lines 179--180

 []


Underfull \hbox (badness 10000) in paragraph at lines 187--195

 []

[55] <GRAPHICS/graph_4_3_0.png, id=204, 229.85875pt x 229.85875pt>
File: GRAPHICS/graph_4_3_0.png Graphic file (type png)

<use GRAPHICS/graph_4_3_0.png>
Package pdftex.def Info: GRAPHICS/graph_4_3_0.png used on input line 213.
(pdftex.def)             Requested size: 42.67912pt x 42.67752pt.

<GRAPHICS/graph_4_3_1.png, id=205, 229.85875pt x 229.85875pt>
File: GRAPHICS/graph_4_3_1.png Graphic file (type png)

<use GRAPHICS/graph_4_3_1.png>
Package pdftex.def Info: GRAPHICS/graph_4_3_1.png used on input line 214.
(pdftex.def)             Requested size: 42.67912pt x 42.67752pt.

<GRAPHICS/graph_4_3_2.png, id=206, 229.85875pt x 229.85875pt>
File: GRAPHICS/graph_4_3_2.png Graphic file (type png)

<use GRAPHICS/graph_4_3_2.png>
Package pdftex.def Info: GRAPHICS/graph_4_3_2.png used on input line 215.
(pdftex.def)             Requested size: 42.67912pt x 42.67752pt.

Underfull \hbox (badness 10000) in paragraph at lines 228--229

 []


Underfull \hbox (badness 10000) in paragraph at lines 232--233

 []


Underfull \hbox (badness 10000) in paragraph at lines 237--238

 []

<GRAPHICS/graph_8_r3_0.png, id=207, 229.85875pt x 229.85875pt>
File: GRAPHICS/graph_8_r3_0.png Graphic file (type png)

<use GRAPHICS/graph_8_r3_0.png>
Package pdftex.def Info: GRAPHICS/graph_8_r3_0.png used on input line 245.
(pdftex.def)             Requested size: 42.67912pt x 42.67752pt.

<GRAPHICS/graph_8_r3_1.png, id=208, 229.85875pt x 229.85875pt>
File: GRAPHICS/graph_8_r3_1.png Graphic file (type png)

<use GRAPHICS/graph_8_r3_1.png>
Package pdftex.def Info: GRAPHICS/graph_8_r3_1.png used on input line 246.
(pdftex.def)             Requested size: 42.67912pt x 42.67752pt.

<GRAPHICS/graph_8_r3_2.png, id=209, 229.85875pt x 229.85875pt>
File: GRAPHICS/graph_8_r3_2.png Graphic file (type png)

<use GRAPHICS/graph_8_r3_2.png>
Package pdftex.def Info: GRAPHICS/graph_8_r3_2.png used on input line 247.
(pdftex.def)             Requested size: 42.67912pt x 42.67752pt.

<GRAPHICS/graph_8_r3_3.png, id=210, 229.85875pt x 229.85875pt>
File: GRAPHICS/graph_8_r3_3.png Graphic file (type png)

<use GRAPHICS/graph_8_r3_3.png>
Package pdftex.def Info: GRAPHICS/graph_8_r3_3.png used on input line 248.
(pdftex.def)             Requested size: 42.67912pt x 42.67752pt.

<GRAPHICS/graph_8_r3_4.png, id=211, 229.85875pt x 229.85875pt>
File: GRAPHICS/graph_8_r3_4.png Graphic file (type png)

<use GRAPHICS/graph_8_r3_4.png>
Package pdftex.def Info: GRAPHICS/graph_8_r3_4.png used on input line 249.
(pdftex.def)             Requested size: 42.67912pt x 42.67752pt.

<GRAPHICS/graph_8_r3_5.png, id=212, 229.85875pt x 229.85875pt>
File: GRAPHICS/graph_8_r3_5.png Graphic file (type png)

<use GRAPHICS/graph_8_r3_5.png>
Package pdftex.def Info: GRAPHICS/graph_8_r3_5.png used on input line 250.
(pdftex.def)             Requested size: 42.67912pt x 42.67752pt.
 [56 <./GRAPHICS/graph_4_3_0.png> <./GRAPHICS/graph_4_3_1.png> <./GRAPHICS/grap
h_4_3_2.png>]
Underfull \hbox (badness 10000) in paragraph at lines 267--268

 []


Underfull \hbox (badness 10000) in paragraph at lines 271--272

 []

<GRAPHICS/tournament_4_0.png, id=219, 229.85875pt x 229.85875pt>
File: GRAPHICS/tournament_4_0.png Graphic file (type png)

<use GRAPHICS/tournament_4_0.png>
Package pdftex.def Info: GRAPHICS/tournament_4_0.png used on input line 280.
(pdftex.def)             Requested size: 71.13188pt x 71.1327pt.

<GRAPHICS/tournament_4_1.png, id=220, 229.85875pt x 229.85875pt>
File: GRAPHICS/tournament_4_1.png Graphic file (type png)

<use GRAPHICS/tournament_4_1.png>
Package pdftex.def Info: GRAPHICS/tournament_4_1.png used on input line 281.
(pdftex.def)             Requested size: 71.13188pt x 71.1327pt.

<GRAPHICS/tournament_4_2.png, id=221, 229.85875pt x 229.85875pt>
File: GRAPHICS/tournament_4_2.png Graphic file (type png)

<use GRAPHICS/tournament_4_2.png>
Package pdftex.def Info: GRAPHICS/tournament_4_2.png used on input line 282.
(pdftex.def)             Requested size: 71.13188pt x 71.1327pt.

<GRAPHICS/tournament_4_3.png, id=222, 229.85875pt x 229.85875pt>
File: GRAPHICS/tournament_4_3.png Graphic file (type png)

<use GRAPHICS/tournament_4_3.png>
Package pdftex.def Info: GRAPHICS/tournament_4_3.png used on input line 283.
(pdftex.def)             Requested size: 71.13188pt x 71.1327pt.
 [57 <./GRAPHICS/graph_8_r3_0.png> <./GRAPHICS/graph_8_r3_1.png> <./GRAPHICS/gr
aph_8_r3_2.png> <./GRAPHICS/graph_8_r3_3.png> <./GRAPHICS/graph_8_r3_4.png> <./
GRAPHICS/graph_8_r3_5.png>]
Underfull \hbox (badness 10000) in paragraph at lines 293--295

 []

<GRAPHICS/petersen.png, id=232, 219.82124pt x 229.85875pt>
File: GRAPHICS/petersen.png Graphic file (type png)

<use GRAPHICS/petersen.png>
Package pdftex.def Info: GRAPHICS/petersen.png used on input line 303.
(pdftex.def)             Requested size: 99.58464pt x 104.12993pt.
 [58 <./GRAPHICS/tournament_4_0.png> <./GRAPHICS/tournament_4_1.png> <./GRAPHIC
S/tournament_4_2.png> <./GRAPHICS/tournament_4_3.png> <./GRAPHICS/petersen.png>
]
<GRAPHICS/petersen_tree.png, id=241, 2837.60126pt x 1348.03625pt>
File: GRAPHICS/petersen_tree.png Graphic file (type png)

<use GRAPHICS/petersen_tree.png>
Package pdftex.def Info: GRAPHICS/petersen_tree.png used on input line 326.
(pdftex.def)             Requested size: 426.79134pt x 202.75209pt.

Underfull \hbox (badness 10000) in paragraph at lines 345--349

 []

[59 <./GRAPHICS/petersen_tree.png>]
Underfull \hbox (badness 10000) in paragraph at lines 375--377

 []


Underfull \hbox (badness 10000) in paragraph at lines 393--405

 []


Underfull \hbox (badness 10000) in paragraph at lines 413--414

 []

) (./hyperovals.tex [60]
Underfull \hbox (badness 10000) in paragraph at lines 67--71

 []


Underfull \hbox (badness 10000) in paragraph at lines 76--78

 []


Underfull \hbox (badness 10000) in paragraph at lines 87--91

 []


Underfull \hbox (badness 10000) in paragraph at lines 97--103

 []

[61]
Underfull \hbox (badness 10000) in paragraph at lines 117--119

 []


Underfull \hbox (badness 10000) in paragraph at lines 125--127

 []


Overfull \hbox (17.9852pt too wide) in paragraph at lines 128--134
\OT1/cmr/m/n/10 conic, and the other is the Lunelli-Sce hy-per-oval. They both 
can be found in the file []\OT1/cmtt/m/n/10 CLASSIFY_16/arc_16_lvl_18
 []

<GRAPHICS/hyperoval_16_tree.png, id=253, 2829.57124pt x 1217.54875pt>
File: GRAPHICS/hyperoval_16_tree.png Graphic file (type png)

<use GRAPHICS/hyperoval_16_tree.png>
Package pdftex.def Info: GRAPHICS/hyperoval_16_tree.png used on input line 135.

(pdftex.def)             Requested size: 426.79134pt x 183.62766pt.
) (./blt.tex [62 <./GRAPHICS/hyperoval_16_tree.png>]
Underfull \hbox (badness 10000) in paragraph at lines 45--46

 []

<GRAPHICS/BLT_11_tree.png, id=258, 2833.58624pt x 1209.51875pt>
File: GRAPHICS/BLT_11_tree.png Graphic file (type png)

<use GRAPHICS/BLT_11_tree.png>
Package pdftex.def Info: GRAPHICS/BLT_11_tree.png used on input line 56.
(pdftex.def)             Requested size: 426.79134pt x 182.17667pt.

Underfull \hbox (badness 10000) in paragraph at lines 81--83

 []

[63 <./GRAPHICS/BLT_11_tree.png>]
Underfull \hbox (badness 10000) in paragraph at lines 96--100

 []

)) (./appendix.tex (./CODE/list_of_files.tex [64] [65] [66] [67] [68] [69]
[70])) (./orbiter.bbl) [71] (./orbiter.aux) ) 
Here is how much of TeX's memory you used:
 12116 strings out of 493633
 221130 string characters out of 3149114
 750854 words of memory out of 3000000
 14952 multiletter control sequences out of 15000+200000
 14614 words of font info for 61 fonts, out of 3000000 for 9000
 831 hyphenation exceptions out of 8191
 56i,9n,55p,736b,550s stack positions out of 5000i,500n,10000p,200000b,50000s
</sw/share/texmf-dist/fonts/type1/
public/amsfonts/cm/cmbx10.pfb></sw/share/texmf-dist/fonts/type1/public/amsfonts
/cm/cmbx12.pfb></sw/share/texmf-dist/fonts/type1/public/amsfonts/cm/cmex10.pfb>
</sw/share/texmf-dist/fonts/type1/public/amsfonts/cm/cmmi10.pfb></sw/share/texm
f-dist/fonts/type1/public/amsfonts/cm/cmmi7.pfb></sw/share/texmf-dist/fonts/typ
e1/public/amsfonts/cm/cmr10.pfb></sw/share/texmf-dist/fonts/type1/public/amsfon
ts/cm/cmr12.pfb></sw/share/texmf-dist/fonts/type1/public/amsfonts/cm/cmr17.pfb>
</sw/share/texmf-dist/fonts/type1/public/amsfonts/cm/cmr5.pfb></sw/share/texmf-
dist/fonts/type1/public/amsfonts/cm/cmr7.pfb></sw/share/texmf-dist/fonts/type1/
public/amsfonts/cm/cmsy10.pfb></sw/share/texmf-dist/fonts/type1/public/amsfonts
/cm/cmsy7.pfb></sw/share/texmf-dist/fonts/type1/public/amsfonts/cm/cmti10.pfb><
/sw/share/texmf-dist/fonts/type1/public/amsfonts/cm/cmtt10.pfb></sw/share/texmf
-dist/fonts/type1/public/amsfonts/cm/cmtt8.pfb></sw/share/texmf-dist/fonts/type
1/public/amsfonts/cm/cmtt9.pfb></sw/share/texmf-dist/fonts/type1/public/amsfont
s/euler/eufm10.pfb></sw/share/texmf-dist/fonts/type1/public/amsfonts/symbols/ms
bm10.pfb>
Output written on orbiter.pdf (71 pages, 879791 bytes).
PDF statistics:
 348 PDF objects out of 1000 (max. 8388607)
 216 compressed objects within 3 object streams
 0 named destinations out of 1000 (max. 500000)
 108 words of extra memory for PDF output out of 10000 (max. 10000000)

